<?xml version="1.0" encoding="UTF-8"?>
<!-- Generated by org.testng.reporters.JUnitXMLReporter -->
<testsuite ignored="0" hostname="DESKTOP-D0KNPKQ" failures="0" tests="9" name="Default test" time="64.755" errors="0" timestamp="02 May 2020 06:07:18 GMT">
  <testcase classname="dataprovider.PassingDataFromExcel" name="foreignKeyAdaptor" time="6.237"/>
  <testcase classname="dataprovider.PassingDataFromExcel" name="foreignKeyAdaptor" time="5.682"/>
  <testcase classname="dataprovider.PassingDataFromExcel" name="foreignKeyAdaptor" time="5.43"/>
  <testcase classname="dataprovider.PassingDataFromExcel" name="foreignKeyAdaptor" time="5.46"/>
  <testcase classname="dataprovider.PassingDataFromExcel" name="foreignKeyAdaptor" time="5.613"/>
  <testcase classname="dataprovider.PassingDataFromExcel" name="foreignKeyAdaptor" time="5.65"/>
  <testcase classname="dataprovider.PassingDataFromExcel" name="foreignKeyAdaptor" time="5.471"/>
  <testcase classname="dataprovider.PassingDataFromExcel" name="foreignKeyAdaptor" time="5.294"/>
  <testcase classname="dataprovider.PassingDataFromExcel" name="foreignKeyAdaptor" time="5.33"/>
</testsuite> <!-- Default test -->
